[0.496s] Invoking command in '/home/rsbdev/ros2_ws/src/fielder_navigation/build/fielder_navigation': DEBUGINFOD_URLS=https://debuginfod.ubuntu.com PS1=(.venv) \[\e]0;\u@\h: \w\a\]${debian_chroot:+($debian_chroot)}\[\033[01;32m\]\u@\h\[\033[00m\]:\[\033[01;34m\]\w\[\033[00m\]\$ PYTHONPATH=/home/rsbdev/ros2_ws/src/fielder_navigation/build/fielder_navigation/prefix_override:/usr/lib/python3/dist-packages/colcon_core/task/python/colcon_distutils_commands:/home/rsbdev/ros2_ws/src/fielder_navigation/install/fielder_navigation/lib/python3.12/site-packages:${PYTHONPATH} VIRTUAL_ENV_PROMPT=(.venv) /usr/bin/python3 -W ignore:setup.py install is deprecated -W ignore:easy_install command is deprecated setup.py develop --editable --build-directory /home/rsbdev/ros2_ws/src/fielder_navigation/build/fielder_navigation/build --no-deps symlink_data
[0.642s] running develop
[0.719s] running egg_info
[0.719s] creating fielder_navigation.egg-info
[0.726s] writing fielder_navigation.egg-info/PKG-INFO
[0.727s] writing dependency_links to fielder_navigation.egg-info/dependency_links.txt
[0.727s] writing entry points to fielder_navigation.egg-info/entry_points.txt
[0.727s] writing requirements to fielder_navigation.egg-info/requires.txt
[0.727s] writing top-level names to fielder_navigation.egg-info/top_level.txt
[0.728s] writing manifest file 'fielder_navigation.egg-info/SOURCES.txt'
[0.741s] reading manifest file 'fielder_navigation.egg-info/SOURCES.txt'
[0.741s] writing manifest file 'fielder_navigation.egg-info/SOURCES.txt'
[0.748s] running build_ext
[0.749s] Creating /home/rsbdev/ros2_ws/src/fielder_navigation/install/fielder_navigation/lib/python3.12/site-packages/fielder-navigation.egg-link (link to .)
[0.749s] Installing fielder_odom script to /home/rsbdev/ros2_ws/src/fielder_navigation/install/fielder_navigation/lib/fielder_navigation
[0.749s] Installing fielder_pc2 script to /home/rsbdev/ros2_ws/src/fielder_navigation/install/fielder_navigation/lib/fielder_navigation
[0.750s] 
[0.750s] Installed /home/rsbdev/ros2_ws/src/fielder_navigation/build/fielder_navigation
[0.750s] running symlink_data
[0.750s] creating /home/rsbdev/ros2_ws/src/fielder_navigation/install/fielder_navigation/share/ament_index
[0.750s] creating /home/rsbdev/ros2_ws/src/fielder_navigation/install/fielder_navigation/share/ament_index/resource_index
[0.750s] creating /home/rsbdev/ros2_ws/src/fielder_navigation/install/fielder_navigation/share/ament_index/resource_index/packages
[0.751s] symbolically linking /home/rsbdev/ros2_ws/src/fielder_navigation/build/fielder_navigation/resource/fielder_navigation -> /home/rsbdev/ros2_ws/src/fielder_navigation/install/fielder_navigation/share/ament_index/resource_index/packages
[0.751s] symbolically linking /home/rsbdev/ros2_ws/src/fielder_navigation/build/fielder_navigation/package.xml -> /home/rsbdev/ros2_ws/src/fielder_navigation/install/fielder_navigation/share/fielder_navigation
[0.751s] creating /home/rsbdev/ros2_ws/src/fielder_navigation/install/fielder_navigation/share/fielder_navigation/launch
[0.751s] symbolically linking /home/rsbdev/ros2_ws/src/fielder_navigation/build/fielder_navigation/launch/pointcloud_to_laserscan_launch.py -> /home/rsbdev/ros2_ws/src/fielder_navigation/install/fielder_navigation/share/fielder_navigation/launch
[0.751s] symbolically linking /home/rsbdev/ros2_ws/src/fielder_navigation/build/fielder_navigation/launch/mapping.launch.py -> /home/rsbdev/ros2_ws/src/fielder_navigation/install/fielder_navigation/share/fielder_navigation/launch
[0.764s] Invoked command in '/home/rsbdev/ros2_ws/src/fielder_navigation/build/fielder_navigation' returned '0': DEBUGINFOD_URLS=https://debuginfod.ubuntu.com PS1=(.venv) \[\e]0;\u@\h: \w\a\]${debian_chroot:+($debian_chroot)}\[\033[01;32m\]\u@\h\[\033[00m\]:\[\033[01;34m\]\w\[\033[00m\]\$ PYTHONPATH=/home/rsbdev/ros2_ws/src/fielder_navigation/build/fielder_navigation/prefix_override:/usr/lib/python3/dist-packages/colcon_core/task/python/colcon_distutils_commands:/home/rsbdev/ros2_ws/src/fielder_navigation/install/fielder_navigation/lib/python3.12/site-packages:${PYTHONPATH} VIRTUAL_ENV_PROMPT=(.venv) /usr/bin/python3 -W ignore:setup.py install is deprecated -W ignore:easy_install command is deprecated setup.py develop --editable --build-directory /home/rsbdev/ros2_ws/src/fielder_navigation/build/fielder_navigation/build --no-deps symlink_data
